#
# There is insufficient memory for the Java Runtime Environment to continue.
# Native memory allocation (mmap) failed to map 117440512 bytes for G1 virtual space
# Possible reasons:
#   The system is out of physical RAM or swap space
#   The process is running with CompressedOops enabled, and the Java Heap may be blocking the growth of the native heap
# Possible solutions:
#   Reduce memory load on the system
#   Increase physical memory or swap space
#   Check if swap backing store is full
#   Decrease Java heap size (-Xmx/-Xms)
#   Decrease number of Java threads
#   Decrease Java thread stack sizes (-Xss)
#   Set larger code cache with -XX:ReservedCodeCacheSize=
#   JVM is running with Unscaled Compressed Oops mode in which the Java heap is
#     placed in the first 4GB address space. The Java Heap base address is the
#     maximum limit for the native heap growth. Please use -XX:HeapBaseMinAddress
#     to set the Java Heap base and to place the Java Heap above 4GB virtual address.
# This output file may be truncated or incomplete.
#
#  Out of Memory Error (os_windows.cpp:3603), pid=26700, tid=13108
#
# JRE version:  (21.0.7+8) (build )
# Java VM: Java HotSpot(TM) 64-Bit Server VM (21.0.7+8-LTS-245, mixed mode, sharing, tiered, compressed oops, compressed class ptrs, g1 gc, windows-amd64)
# No core dump will be written. Minidumps are not enabled by default on client versions of Windows
#

---------------  S U M M A R Y ------------

Command Line: --module-path=C:\Users\almc\.m2\repository\org\openjfx\javafx-base\17.0.2\javafx-base-17.0.2-win.jar;C:\Users\almc\.m2\repository\org\openjfx\javafx-base\17.0.2\javafx-base-17.0.2.jar;C:\Users\almc\.m2\repository\org\openjfx\javafx-controls\17.0.2\javafx-controls-17.0.2-win.jar;C:\Users\almc\.m2\repository\org\openjfx\javafx-controls\17.0.2\javafx-controls-17.0.2.jar;C:\Users\almc\.m2\repository\org\openjfx\javafx-fxml\17.0.2\javafx-fxml-17.0.2-win.jar;C:\Users\almc\.m2\repository\org\openjfx\javafx-fxml\17.0.2\javafx-fxml-17.0.2.jar;C:\Users\almc\.m2\repository\org\openjfx\javafx-graphics\17.0.2\javafx-graphics-17.0.2-win.jar;C:\Users\almc\.m2\repository\org\openjfx\javafx-graphics\17.0.2\javafx-graphics-17.0.2.jar --add-modules=javafx.base,javafx.controls,javafx.fxml,javafx.graphics com.techway.coursemanagementdesktop.TechWayApplication

Host: AMD Ryzen 5 3500U with Radeon Vega Mobile Gfx  , 8 cores, 6G,  Windows 11 , 64 bit Build 26100 (10.0.26100.4768)
Time: Tue Aug 26 12:28:53 2025 Arab Standard Time elapsed time: 1.354254 seconds (0d 0h 0m 1s)

---------------  T H R E A D  ---------------

Current thread (0x000001fc4cd49220):  JavaThread "Unknown thread" [_thread_in_vm, id=13108, stack(0x0000007a4d600000,0x0000007a4d700000) (1024K)]

Stack: [0x0000007a4d600000,0x0000007a4d700000]
Native frames: (J=compiled Java code, j=interpreted, Vv=VM code, C=native code)
V  [jvm.dll+0x6cae19]
V  [jvm.dll+0x855741]
V  [jvm.dll+0x857c6e]
V  [jvm.dll+0x858343]
V  [jvm.dll+0x27e0b6]
V  [jvm.dll+0x6c7595]
V  [jvm.dll+0x6bc0fa]
V  [jvm.dll+0x353eaa]
V  [jvm.dll+0x35bb26]
V  [jvm.dll+0x3ae52e]
V  [jvm.dll+0x3ae7d8]
V  [jvm.dll+0x3281bc]
V  [jvm.dll+0x328d1b]
V  [jvm.dll+0x81eaf9]
V  [jvm.dll+0x3bb211]
V  [jvm.dll+0x807d78]
V  [jvm.dll+0x4503ee]
V  [jvm.dll+0x451fe1]
C  [jli.dll+0x52a3]
C  [ucrtbase.dll+0x37b0]
C  [KERNEL32.DLL+0x2e8d7]
C  [ntdll.dll+0x3c34c]


---------------  P R O C E S S  ---------------

Threads class SMR info:
_java_thread_list=0x00007ffc2fd5cc48, length=0, elements={
}

Java Threads: ( => current thread )
Total: 0

Other Threads:
  0x000001fc4cd93af0 WorkerThread "GC Thread#0"                     [id=16412, stack(0x0000007a4d700000,0x0000007a4d800000) (1024K)]
  0x000001fc4cda2a30 ConcurrentGCThread "G1 Main Marker"            [id=23476, stack(0x0000007a4d800000,0x0000007a4d900000) (1024K)]
  0x000001fc4cda58a0 WorkerThread "G1 Conc#0"                       [id=28512, stack(0x0000007a4d900000,0x0000007a4da00000) (1024K)]

[error occurred during error reporting (printing all threads), id 0xc0000005, EXCEPTION_ACCESS_VIOLATION (0xc0000005) at pc=0x00007ffc2f4ca947]
VM state: not at safepoint (not fully initialized)

VM Mutex/Monitor currently owned by a thread:  ([mutex/lock_event])
[0x00007ffc2fdcdf50] Heap_lock - owner thread: 0x000001fc4cd49220

Heap address: 0x0000000091000000, size: 1776 MB, Compressed Oops mode: 32-bit

CDS archive(s) mapped at: [0x0000000000000000-0x0000000000000000-0x0000000000000000), size 0, SharedBaseAddress: 0x0000000800000000, ArchiveRelocationMode: 1.
Narrow klass base: 0x0000000000000000, Narrow klass shift: 0, Narrow klass range: 0x0

GC Precious Log:
 CardTable entry size: 512
 Card Set container configuration: InlinePtr #cards 5 size 8 Array Of Cards #cards 12 size 40 Howl #buckets 4 coarsen threshold 1843 Howl Bitmap #cards 512 size 80 coarsen threshold 460 Card regions per heap region 1 cards per card region 2048

Heap:
 garbage-first heap   total 0K, used 0K [0x0000000091000000, 0x0000000100000000)
  region size 1024K, 0 young (0K), 0 survivors (0K)

[error occurred during error reporting (printing heap information), id 0xc0000005, EXCEPTION_ACCESS_VIOLATION (0xc0000005) at pc=0x00007ffc2f8b3e79]
GC Heap History (0 events):
No events

Dll operation events (1 events):
Event: 0.016 Loaded shared library C:\Program Files\Java\jdk-21\bin\java.dll

Deoptimization events (0 events):
No events

Classes loaded (0 events):
No events

Classes unloaded (0 events):
No events

Classes redefined (0 events):
No events

Internal exceptions (0 events):
No events

ZGC Phase Switch (0 events):
No events

VM Operations (0 events):
No events

Events (0 events):
No events


Dynamic libraries:
0x00007ff7c6100000 - 0x00007ff7c6110000 	C:\Program Files\Java\jdk-21\bin\java.exe
0x00007ffc923c0000 - 0x00007ffc92627000 	C:\Windows\SYSTEM32\ntdll.dll
0x00007ffc918c0000 - 0x00007ffc91989000 	C:\Windows\System32\KERNEL32.DLL
0x00007ffc8f700000 - 0x00007ffc8faf0000 	C:\Windows\System32\KERNELBASE.dll
0x00007ffc8fe80000 - 0x00007ffc8ffcb000 	C:\Windows\System32\ucrtbase.dll
0x00007ffc8a340000 - 0x00007ffc8a359000 	C:\Program Files\Java\jdk-21\bin\jli.dll
0x00007ffc86220000 - 0x00007ffc8623b000 	C:\Program Files\Java\jdk-21\bin\VCRUNTIME140.dll
0x00007ffc91990000 - 0x00007ffc91a44000 	C:\Windows\System32\ADVAPI32.dll
0x00007ffc91af0000 - 0x00007ffc91b99000 	C:\Windows\System32\msvcrt.dll
0x00007ffc90880000 - 0x00007ffc90926000 	C:\Windows\System32\sechost.dll
0x00007ffc90620000 - 0x00007ffc90738000 	C:\Windows\System32\RPCRT4.dll
0x00007ffc90450000 - 0x00007ffc90615000 	C:\Windows\System32\USER32.dll
0x00007ffc7d240000 - 0x00007ffc7d4da000 	C:\Windows\WinSxS\amd64_microsoft.windows.common-controls_6595b64144ccf1df_6.0.26100.4768_none_3e0c112ce331287c\COMCTL32.dll
0x00007ffc8f640000 - 0x00007ffc8f667000 	C:\Windows\System32\win32u.dll
0x00007ffc90850000 - 0x00007ffc9087b000 	C:\Windows\System32\GDI32.dll
0x00007ffc8fd40000 - 0x00007ffc8fe78000 	C:\Windows\System32\gdi32full.dll
0x00007ffc8f4f0000 - 0x00007ffc8f593000 	C:\Windows\System32\msvcp_win.dll
0x00007ffc887a0000 - 0x00007ffc887ab000 	C:\Windows\SYSTEM32\VERSION.dll
0x00007ffc90c10000 - 0x00007ffc90c3f000 	C:\Windows\System32\IMM32.DLL
0x00007ffc8a3e0000 - 0x00007ffc8a3ec000 	C:\Program Files\Java\jdk-21\bin\vcruntime140_1.dll
0x00007ffc5a010000 - 0x00007ffc5a09e000 	C:\Program Files\Java\jdk-21\bin\msvcp140.dll
0x00007ffc2f190000 - 0x00007ffc2feaa000 	C:\Program Files\Java\jdk-21\bin\server\jvm.dll
0x00007ffc902a0000 - 0x00007ffc90314000 	C:\Windows\System32\WS2_32.dll
0x00007ffc8f370000 - 0x00007ffc8f3ce000 	C:\Windows\SYSTEM32\POWRPROF.dll
0x00007ffc88760000 - 0x00007ffc88795000 	C:\Windows\SYSTEM32\WINMM.dll
0x00007ffc8f330000 - 0x00007ffc8f344000 	C:\Windows\SYSTEM32\UMPDC.dll
0x00007ffc8e270000 - 0x00007ffc8e28b000 	C:\Windows\SYSTEM32\kernel.appcore.dll
0x00007ffc8a290000 - 0x00007ffc8a29a000 	C:\Program Files\Java\jdk-21\bin\jimage.dll
0x00007ffc830a0000 - 0x00007ffc832e1000 	C:\Windows\SYSTEM32\DBGHELP.DLL
0x00007ffc91c10000 - 0x00007ffc91f95000 	C:\Windows\System32\combase.dll
0x00007ffc90930000 - 0x00007ffc90a10000 	C:\Windows\System32\OLEAUT32.dll
0x00007ffc7b3f0000 - 0x00007ffc7b433000 	C:\Windows\SYSTEM32\dbgcore.DLL
0x00007ffc8f5a0000 - 0x00007ffc8f639000 	C:\Windows\System32\bcryptPrimitives.dll
0x00007ffc5cd40000 - 0x00007ffc5cd5f000 	C:\Program Files\Java\jdk-21\bin\java.dll

dbghelp: loaded successfully - version: 4.0.5 - missing functions: none
symbol engine: initialized successfully - sym options: 0x614 - pdb path: .;C:\Program Files\Java\jdk-21\bin;C:\Windows\SYSTEM32;C:\Windows\WinSxS\amd64_microsoft.windows.common-controls_6595b64144ccf1df_6.0.26100.4768_none_3e0c112ce331287c;C:\Program Files\Java\jdk-21\bin\server

VM Arguments:
jvm_args: --module-path=C:\Users\almc\.m2\repository\org\openjfx\javafx-base\17.0.2\javafx-base-17.0.2-win.jar;C:\Users\almc\.m2\repository\org\openjfx\javafx-base\17.0.2\javafx-base-17.0.2.jar;C:\Users\almc\.m2\repository\org\openjfx\javafx-controls\17.0.2\javafx-controls-17.0.2-win.jar;C:\Users\almc\.m2\repository\org\openjfx\javafx-controls\17.0.2\javafx-controls-17.0.2.jar;C:\Users\almc\.m2\repository\org\openjfx\javafx-fxml\17.0.2\javafx-fxml-17.0.2-win.jar;C:\Users\almc\.m2\repository\org\openjfx\javafx-fxml\17.0.2\javafx-fxml-17.0.2.jar;C:\Users\almc\.m2\repository\org\openjfx\javafx-graphics\17.0.2\javafx-graphics-17.0.2-win.jar;C:\Users\almc\.m2\repository\org\openjfx\javafx-graphics\17.0.2\javafx-graphics-17.0.2.jar --add-modules=javafx.base,javafx.controls,javafx.fxml,javafx.graphics 
java_command: com.techway.coursemanagementdesktop.TechWayApplication
java_class_path (initial): C:\Users\almc\Downloads\TechWay Desktop\target\classes;C:\Users\almc\.m2\repository\com\fasterxml\jackson\core\jackson-annotations\2.15.2\jackson-annotations-2.15.2.jar;C:\Users\almc\.m2\repository\com\fasterxml\jackson\core\jackson-core\2.15.2\jackson-core-2.15.2.jar;C:\Users\almc\.m2\repository\com\fasterxml\jackson\core\jackson-databind\2.15.2\jackson-databind-2.15.2.jar;C:\Users\almc\.m2\repository\com\fasterxml\jackson\datatype\jackson-datatype-jsr310\2.15.2\jackson-datatype-jsr310-2.15.2.jar;C:\Users\almc\.m2\repository\com\squareup\okhttp3\okhttp\4.11.0\okhttp-4.11.0.jar;C:\Users\almc\.m2\repository\com\squareup\okio\okio\3.2.0\okio-3.2.0.jar;C:\Users\almc\.m2\repository\com\squareup\okio\okio-jvm\3.2.0\okio-jvm-3.2.0.jar;C:\Users\almc\.m2\repository\de\jensd\fontawesomefx\8.9\fontawesomefx-8.9.jar;C:\Users\almc\.m2\repository\io\github\palexdev\materialfx\11.15.0\materialfx-11.15.0.jar;C:\Users\almc\.m2\repository\io\github\palexdev\virtualizedfx\11.2.6\virtualizedfx-11.2.6.jar;C:\Users\almc\.m2\repository\org\jetbrains\annotations\13.0\annotations-13.0.jar;C:\Users\almc\.m2\repository\org\jetbrains\kotlin\kotlin-stdlib\1.6.20\kotlin-stdlib-1.6.20.jar;C:\Users\almc\.m2\repository\org\jetbrains\kotlin\kotlin-stdlib-common\1.6.20\kotlin-stdlib-common-1.6.20.jar;C:\Users\almc\.m2\repository\org\jetbrains\kotlin\kotlin-stdlib-jdk7\1.6.20\kotlin-stdlib-jdk7-1.6.20.jar;C:\Users\almc\.m2\repository\org\jetbrains\kotlin\kotlin-stdlib-jdk8\1.6.20\kotlin-stdlib-jdk8-1.6.20.jar
Launcher Type: SUN_STANDARD

[Global flags]
     intx CICompilerCount                          = 4                                         {product} {ergonomic}
     uint ConcGCThreads                            = 2                                         {product} {ergonomic}
     uint G1ConcRefinementThreads                  = 8                                         {product} {ergonomic}
   size_t G1HeapRegionSize                         = 1048576                                   {product} {ergonomic}
    uintx GCDrainStackTargetSize                   = 64                                        {product} {ergonomic}
   size_t InitialHeapSize                          = 117440512                                 {product} {ergonomic}
   size_t MarkStackSize                            = 4194304                                   {product} {ergonomic}
   size_t MaxHeapSize                              = 1862270976                                {product} {ergonomic}
   size_t MinHeapDeltaBytes                        = 1048576                                   {product} {ergonomic}
   size_t MinHeapSize                              = 8388608                                   {product} {ergonomic}
    uintx NonNMethodCodeHeapSize                   = 5839372                                {pd product} {ergonomic}
    uintx NonProfiledCodeHeapSize                  = 122909434                              {pd product} {ergonomic}
    uintx ProfiledCodeHeapSize                     = 122909434                              {pd product} {ergonomic}
    uintx ReservedCodeCacheSize                    = 251658240                              {pd product} {ergonomic}
     bool SegmentedCodeCache                       = true                                      {product} {ergonomic}
   size_t SoftMaxHeapSize                          = 1862270976                             {manageable} {ergonomic}
     bool UseCompressedOops                        = true                           {product lp64_product} {ergonomic}
     bool UseG1GC                                  = true                                      {product} {ergonomic}
     bool UseLargePagesIndividualAllocation        = false                                  {pd product} {ergonomic}

Logging:
Log output configuration:
 #0: stdout all=warning uptime,level,tags foldmultilines=false
 #1: stderr all=off uptime,level,tags foldmultilines=false

Environment Variables:
PATH=C:\Program Files\Common Files\Oracle\Java\javapath;C:\Program Files (x86)\Common Files\Oracle\Java\javapath;C:\Windows\system32;C:\Windows;C:\Windows\System32\Wbem;C:\Windows\System32\WindowsPowerShell\v1.0\;C:\Windows\System32\OpenSSH\;C:\Program Files\nodejs\;C:\Program Files\MySQL\MySQL Shell 8.0\bin\;C:\Users\almc\AppData\Local\Microsoft\WindowsApps;C:\Users\almc\AppData\Local\Programs\Microsoft VS Code\bin;C:\Users\almc\AppData\Roaming\npm;C:\Users\almc\AppData\Local\GitHubDesktop\bin
USERNAME=almc
OS=Windows_NT
PROCESSOR_IDENTIFIER=AMD64 Family 23 Model 24 Stepping 1, AuthenticAMD
TMP=C:\Users\almc\AppData\Local\Temp
TEMP=C:\Users\almc\AppData\Local\Temp




Periodic native trim disabled

---------------  S Y S T E M  ---------------

OS:
 Windows 11 , 64 bit Build 26100 (10.0.26100.4768)
OS uptime: 2 days 12:48 hours

CPU: total 8 (initial active 8) (8 cores per cpu, 2 threads per core) family 23 model 24 stepping 1 microcode 0x8108109, cx8, cmov, fxsr, ht, mmx, 3dnowpref, sse, sse2, sse3, ssse3, sse4a, sse4.1, sse4.2, popcnt, lzcnt, tsc, tscinvbit, avx, avx2, aes, clmul, bmi1, bmi2, adx, sha, fma, vzeroupper, clflush, clflushopt, rdtscp, f16c
Processor Information for all 8 processors :
  Max Mhz: 2100, Current Mhz: 1400, Mhz Limit: 2100

Memory: 4k page, system-wide physical 7103M (510M free)
TotalPageFile size 28607M (AvailPageFile size 39M)
current process WorkingSet (physical memory assigned to process): 12M, peak: 12M
current process commit charge ("private bytes"): 60M, peak: 172M

vm_info: Java HotSpot(TM) 64-Bit Server VM (21.0.7+8-LTS-245) for windows-amd64 JRE (21.0.7+8-LTS-245), built on 2025-02-21T05:11:27Z by "mach5one" with MS VC++ 17.6 (VS2022)

END.
